c:\winapi\task9-10\task9-10\debug\vc141.pdb
c:\winapi\task9-10\task9-10\debug\vc141.idb
c:\winapi\task9-10\task9-10\debug\ceditcontrolwindow.obj
c:\winapi\task9-10\task9-10\debug\cdialogwindow.obj
c:\winapi\task9-10\task9-10\debug\coverlappedwindow.obj
c:\winapi\task9-10\task9-10\debug\main.obj
c:\winapi\task9-10\task9-10\debug\task9-10.res
c:\winapi\task9-10\task9-10\debug\cdialogwindow.obj.enc
c:\winapi\task9-10\debug\task9-10.pdb
c:\winapi\task9-10\debug\task9-10.exe
c:\winapi\task9-10\debug\task9-10.ilk
c:\winapi\task9-10\task9-10\debug\task9-10.tlog\cl.command.1.tlog
c:\winapi\task9-10\task9-10\debug\task9-10.tlog\cl.read.1.tlog
c:\winapi\task9-10\task9-10\debug\task9-10.tlog\cl.write.1.tlog
c:\winapi\task9-10\task9-10\debug\task9-10.tlog\link.command.1.tlog
c:\winapi\task9-10\task9-10\debug\task9-10.tlog\link.read.1.tlog
c:\winapi\task9-10\task9-10\debug\task9-10.tlog\link.write.1.tlog
c:\winapi\task9-10\task9-10\debug\task9-10.tlog\rc.command.1.tlog
c:\winapi\task9-10\task9-10\debug\task9-10.tlog\rc.read.1.tlog
c:\winapi\task9-10\task9-10\debug\task9-10.tlog\rc.write.1.tlog
